; Sprite   : 0
; Mode     : Mode : 1 sprite               
; TGS size : 32
; Address  : Start + #0
sprite0tgs:
    db %00000000
    db %00000000
    db %00000011
    db %00001111
    db %00011100
    db %00011000
    db %00110000
    db %00110000
    db %00110000
    db %00110000
    db %00011000
    db %00011100
    db %00001111
    db %00000011
    db %00000000
    db %00000000
    db %00000000
    db %00000000
    db %11000000
    db %11110000
    db %00111000
    db %00011000
    db %00001100
    db %00001100
    db %00001100
    db %00001100
    db %00011000
    db %00111000
    db %11110000
    db %11000000
    db %00000000
    db %00000000

; Sprite   : 1
; Mode     : Mode : 1 sprite               
; TGS size : 32
; Address  : Start + #32
sprite1tgs:
    db %00000000
    db %00000000
    db %00000000
    db %00000011
    db %00001110
    db %00001110
    db %00011100
    db %00010000
    db %00010000
    db %00011100
    db %00001110
    db %00001110
    db %00000011
    db %00000000
    db %00000000
    db %00000000
    db %00000000
    db %00000000
    db %00000000
    db %11000000
    db %01110000
    db %01110000
    db %00111000
    db %00001000
    db %00001000
    db %00111000
    db %01110000
    db %01110000
    db %11000000
    db %00000000
    db %00000000
    db %00000000

; Sprite   : 2
; Mode     : Mode : 1 sprite               
; TGS size : 32
; Address  : Start + #64
sprite2tgs:
    db %00000000
    db %00000000
    db %00000000
    db %00000000
    db %00000001
    db %00000001
    db %00000010
    db %00001100
    db %00001100
    db %00000010
    db %00000001
    db %00000001
    db %00000000
    db %00000000
    db %00000000
    db %00000000
    db %00000000
    db %00000000
    db %00000000
    db %00000000
    db %10000000
    db %10000000
    db %01000000
    db %00110000
    db %00110000
    db %01000000
    db %10000000
    db %10000000
    db %00000000
    db %00000000
    db %00000000
    db %00000000

; Sprite   : 3
; Mode     : Mode : 1 sprite               
; TGS size : 32
; Address  : Start + #96
sprite3tgs:
    db %00000000
    db %00000011
    db %00001111
    db %00011110
    db %00111000
    db %00110000
    db %01110000
    db %01100000
    db %01100000
    db %01110000
    db %00110000
    db %00111000
    db %00011110
    db %00001111
    db %00000011
    db %00000000
    db %00000000
    db %11000000
    db %11110000
    db %01111000
    db %00011100
    db %00001100
    db %00001110
    db %00000110
    db %00000110
    db %00001110
    db %00001100
    db %00011100
    db %01111000
    db %11110000
    db %11000000
    db %00000000

; Sprite   : 4
; Mode     : Mode : 1 sprite               
; TGS size : 32
; Address  : Start + #128
sprite4tgs:
    db %00000000
    db %00000000
    db %00000011
    db %00001111
    db %00011100
    db %00010000
    db %00111000
    db %00100000
    db %00110000
    db %00110000
    db %00011000
    db %00011100
    db %00001111
    db %00000011
    db %00000000
    db %00000000
    db %00000000
    db %00000000
    db %11000000
    db %11110000
    db %00111000
    db %00001000
    db %00011100
    db %00000100
    db %00001100
    db %00001100
    db %00011000
    db %00111000
    db %11110000
    db %11000000
    db %00000000
    db %00000000

; Sprite   : 5
; Mode     : Mode : 1 sprite               
; TGS size : 32
; Address  : Start + #160
sprite5tgs:
    db %00000000
    db %00000000
    db %00000000
    db %00000000
    db %00000010
    db %00001000
    db %00000000
    db %00010000
    db %00000000
    db %00001000
    db %00000000
    db %00000010
    db %00000000
    db %00000000
    db %00000000
    db %00000000
    db %00000000
    db %00000000
    db %00000000
    db %00000000
    db %01000000
    db %00010000
    db %00000000
    db %00001000
    db %00000000
    db %00010000
    db %00000000
    db %01000000
    db %00000000
    db %00000000
    db %00000000
    db %00000000

; Sprite   : 6
; Mode     : Mode : 1 sprite               
; TGS size : 32
; Address  : Start + #192
sprite6tgs:
    db %00000011
    db %00000111
    db %00001100
    db %00000000
    db %00100000
    db %01100000
    db %11000000
    db %11000000
    db %11000000
    db %11000000
    db %01100000
    db %00100000
    db %00000000
    db %00001100
    db %00000111
    db %00000011
    db %11000000
    db %11100000
    db %00110000
    db %00000000
    db %00000100
    db %00000110
    db %00000011
    db %00000011
    db %00000011
    db %00000011
    db %00000110
    db %00000100
    db %00000000
    db %00110000
    db %11100000
    db %11000000

; Sprite   : 7
; Mode     : Mode : 1 sprite               
; TGS size : 32
; Address  : Start + #224
sprite7tgs:
    db %00000000
    db %00000011
    db %00001100
    db %00000000
    db %00100000
    db %00100000
    db %01000000
    db %01000000
    db %01000000
    db %01000000
    db %00100000
    db %00100000
    db %00000000
    db %00001100
    db %00000011
    db %00000000
    db %00000000
    db %11000000
    db %00110000
    db %00000000
    db %00000100
    db %00000100
    db %00000010
    db %00000010
    db %00000010
    db %00000010
    db %00000100
    db %00000100
    db %00000000
    db %00110000
    db %11000000
    db %00000000

; Sprite   : 8
; Mode     : Mode : 1 sprite               
; TGS size : 32
; Address  : Start + #256
sprite8tgs:
    db %00000000
    db %00000000
    db %00000000
    db %00000000
    db %00000000
    db %00000000
    db %00000000
    db %00000000
    db %00000000
    db %00000000
    db %00000000
    db %00000000
    db %00000000
    db %00000000
    db %00000000
    db %00000000
    db %00000000
    db %00000000
    db %00000000
    db %00000000
    db %00000000
    db %00000000
    db %00000000
    db %00000000
    db %00000000
    db %00000000
    db %00000000
    db %00000000
    db %00000000
    db %00000000
    db %00000000
    db %00000000

; Sprite   : 0
; TCS size : 16
; Address  : Start + #288
sprite0tcs:
    db #00
    db #00
    db #09
    db #09
    db #09
    db #09
    db #00
    db #00
    db #00
    db #00
    db #09
    db #09
    db #09
    db #09
    db #00
    db #00

; Sprite   : 1
; TCS size : 16
; Address  : Start + #304
sprite1tcs:
    db #00
    db #00
    db #00
    db #0A
    db #0A
    db #0A
    db #0A
    db #00
    db #00
    db #0A
    db #0A
    db #0A
    db #0A
    db #00
    db #00
    db #00

; Sprite   : 2
; TCS size : 16
; Address  : Start + #320
sprite2tcs:
    db #00
    db #00
    db #00
    db #00
    db #0C
    db #0C
    db #0C
    db #0C
    db #0C
    db #0C
    db #0C
    db #0C
    db #00
    db #00
    db #00
    db #00

; Sprite   : 3
; TCS size : 16
; Address  : Start + #336
sprite3tcs:
    db #00
    db #09
    db #09
    db #09
    db #00
    db #00
    db #00
    db #00
    db #00
    db #00
    db #00
    db #00
    db #09
    db #09
    db #09
    db #00

; Sprite   : 4
; TCS size : 16
; Address  : Start + #352
sprite4tcs:
    db #00
    db #00
    db #0A
    db #0A
    db #0A
    db #00
    db #00
    db #00
    db #00
    db #00
    db #0A
    db #0A
    db #0A
    db #0A
    db #00
    db #00

; Sprite   : 5
; TCS size : 16
; Address  : Start + #368
sprite5tcs:
    db #00
    db #00
    db #00
    db #00
    db #0C
    db #0C
    db #00
    db #00
    db #00
    db #0C
    db #00
    db #0C
    db #00
    db #00
    db #00
    db #00

; Sprite   : 6
; TCS size : 16
; Address  : Start + #384
sprite6tcs:
    db #09
    db #09
    db #09
    db #00
    db #00
    db #00
    db #00
    db #00
    db #00
    db #00
    db #00
    db #00
    db #00
    db #09
    db #09
    db #09

; Sprite   : 7
; TCS size : 16
; Address  : Start + #400
sprite7tcs:
    db #00
    db #0A
    db #0A
    db #00
    db #00
    db #00
    db #00
    db #00
    db #00
    db #00
    db #00
    db #00
    db #00
    db #0A
    db #0A
    db #00

; Sprite   : 8
; TCS size : 16
; Address  : Start + #416
sprite8tcs:
    db #00
    db #00
    db #00
    db #00
    db #00
    db #00
    db #00
    db #00
    db #00
    db #00
    db #00
    db #00
    db #00
    db #00
    db #00
    db #00

; Color Palette
; Address  : Start + 432
pal:
    db #22,#01
    db #41,#06
    db #21,#04
    db #21,#03
    db #17,#02
    db #42,#03
    db #31,#02
    db #20,#01
    db #30,#01
    db #50,#01
    db #65,#06
    db #73,#04
    db #77,#07
    db #00,#00
    db #44,#04
    db #22,#02
