; Sprite   : 0
; Mode     : Mode : 1 sprite               
; TGS size : 32
; Address  : Start + #0
sprite0tgs:
    db %00001100
    db %00010011
    db %00101010
    db %00100001
    db %01010001
    db %01010001
    db %10101010
    db %10100100
    db %10100000
    db %10100000
    db %01010000
    db %01010000
    db %00101000
    db %00101100
    db %00010011
    db %00001100
    db %00110000
    db %11001000
    db %00110100
    db %00010100
    db %00001010
    db %00001010
    db %00000101
    db %00000101
    db %00000101
    db %00000101
    db %00101010
    db %01011010
    db %10110100
    db %01110100
    db %11001000
    db %00110000

; Sprite   : 1
; Mode     : Mode : 1 sprite               
; TGS size : 32
; Address  : Start + #32
sprite1tgs:
    db %00000011
    db %00001100
    db %00010100
    db %00011010
    db %00101010
    db %00101010
    db %01000100
    db %01000000
    db %01000000
    db %01000000
    db %00100000
    db %00100000
    db %00010000
    db %00010000
    db %00001100
    db %00000011
    db %11000000
    db %00110000
    db %00001000
    db %00001000
    db %00000100
    db %00000100
    db %00000010
    db %00000010
    db %00000010
    db %00000010
    db %00000100
    db %00000100
    db %00001000
    db %00001000
    db %00110000
    db %11000000

; Sprite   : 2
; Mode     : Mode : 1 sprite               
; TGS size : 32
; Address  : Start + #64
sprite2tgs:
    db %00000000
    db %00000000
    db %00000000
    db %00000100
    db %00000100
    db %00000100
    db %00000000
    db %00000000
    db %00000000
    db %00000000
    db %00000000
    db %00000000
    db %00000000
    db %00000000
    db %00000000
    db %00000000
    db %00000000
    db %00000000
    db %00000000
    db %00000000
    db %00000000
    db %00000000
    db %00000000
    db %00000000
    db %00000000
    db %00000000
    db %00000000
    db %00100000
    db %01000000
    db %00000000
    db %00000000
    db %00000000

; Sprite   : 0
; TCS size : 16
; Address  : Start + #96
sprite0tcs:
    db #0D
    db #0D
    db #0D
    db #0D
    db #0D
    db #0D
    db #00
    db #00
    db #00
    db #00
    db #00
    db #00
    db #00
    db #0D
    db #0D
    db #0D

; Sprite   : 1
; TCS size : 16
; Address  : Start + #112
sprite1tcs:
    db #01
    db #01
    db #01
    db #01
    db #01
    db #01
    db #00
    db #00
    db #00
    db #00
    db #00
    db #00
    db #00
    db #00
    db #01
    db #01

; Sprite   : 2
; TCS size : 16
; Address  : Start + #128
sprite2tcs:
    db #00
    db #00
    db #00
    db #0C
    db #0C
    db #0C
    db #00
    db #00
    db #00
    db #00
    db #00
    db #00
    db #00
    db #00
    db #00
    db #00

; Color Palette
; Address  : Start + 144
pal:
    db #22,#01
    db #41,#06
    db #21,#04
    db #21,#03
    db #17,#02
    db #42,#03
    db #31,#02
    db #20,#01
    db #30,#01
    db #50,#01
    db #65,#06
    db #73,#04
    db #77,#07
    db #00,#00
    db #44,#04
    db #22,#02
