; Sprite   : 0
; Mode     : Mode : 1 sprite               
; TGS size : 32
; Address  : Start + #0
sprite0tgs:
    db %00000110
    db %00001101
    db %00010000
    db %01110000
    db %11110000
    db %10010000
    db %10000000
    db %11000000
    db %01100000
    db %01000000
    db %00100000
    db %00100000
    db %00011000
    db %00100000
    db %00100101
    db %00011111
    db %10000000
    db %01000000
    db %01100000
    db %00111110
    db %00101111
    db %10010111
    db %00000001
    db %00000001
    db %10100001
    db %00000001
    db %00000011
    db %00000011
    db %00001110
    db %00000011
    db %00000011
    db %11111111

; Sprite   : 1
; Mode     : Mode : 1 sprite               
; TGS size : 32
; Address  : Start + #32
sprite1tgs:
    db %00000001
    db %00000000
    db %00001000
    db %00001000
    db %00001000
    db %00001000
    db %00001000
    db %00000000
    db %00000000
    db %00100000
    db %00010000
    db %00010000
    db %00000000
    db %00010000
    db %00011010
    db %00000000
    db %00000000
    db %10000000
    db %10000000
    db %11000000
    db %10010000
    db %00000000
    db %00000010
    db %00000010
    db %00000010
    db %10100010
    db %10100100
    db %00000100
    db %00000000
    db %00000100
    db %11111100
    db %00000000

; Sprite   : 2
; Mode     : Mode : 1 sprite               
; TGS size : 32
; Address  : Start + #64
sprite2tgs:
    db %00000100
    db %00001010
    db %00010111
    db %01110111
    db %10010111
    db %01100111
    db %01110111
    db %10111111
    db %01011111
    db %01011111
    db %00101111
    db %00101111
    db %00010111
    db %00101111
    db %00100000
    db %00011111
    db %10000000
    db %01000000
    db %01100000
    db %00111110
    db %01000111
    db %01101011
    db %11111101
    db %11111101
    db %01011101
    db %01011101
    db %01011011
    db %11111011
    db %11110110
    db %11111011
    db %00000011
    db %11111111

; Sprite   : 0
; TCS size : 16
; Address  : Start + #96
sprite0tcs:
    db #05
    db #05
    db #05
    db #00
    db #00
    db #00
    db #00
    db #00
    db #00
    db #00
    db #00
    db #00
    db #00
    db #00
    db #05
    db #05

; Sprite   : 1
; TCS size : 16
; Address  : Start + #112
sprite1tcs:
    db #06
    db #00
    db #06
    db #06
    db #06
    db #06
    db #00
    db #00
    db #00
    db #00
    db #00
    db #00
    db #00
    db #00
    db #06
    db #00

; Sprite   : 2
; TCS size : 16
; Address  : Start + #128
sprite2tcs:
    db #0C
    db #0C
    db #0C
    db #0C
    db #0C
    db #0C
    db #0C
    db #0C
    db #0C
    db #0C
    db #0C
    db #0C
    db #0C
    db #0C
    db #00
    db #0C

; Color Palette
; Address  : Start + 144
pal:
    db #22,#01
    db #45,#05
    db #35,#04
    db #25,#03
    db #42,#04
    db #42,#03
    db #31,#02
    db #53,#04
    db #51,#02
    db #22,#02
    db #64,#05
    db #63,#04
    db #66,#06
    db #00,#00
    db #32,#03
    db #21,#01
