; Sprite   : 0
; Mode     : Mode : 1 sprite               
; TGS size : 32
; Address  : Start + #0
sprite0tgs:
    db %00000000
    db %01100000
    db %10010011
    db %10001110
    db %10000011
    db %01000000
    db %00100000
    db %00111000
    db %00110100
    db %00111100
    db %00010100
    db %00001011
    db %00000111
    db %00000000
    db %00000000
    db %00000000
    db %00000000
    db %11100000
    db %10010000
    db %11001000
    db %00001000
    db %00100100
    db %10010100
    db %01000100
    db %00000110
    db %00001001
    db %00000001
    db %11100110
    db %11101100
    db %11111000
    db %11110000
    db %01100000

; Sprite   : 1
; Mode     : Mode : 1 sprite               
; TGS size : 32
; Address  : Start + #32
sprite1tgs:
    db %00000000
    db %00000000
    db %00000000
    db %00000000
    db %01000000
    db %00100000
    db %00010000
    db %00000000
    db %00011000
    db %00010000
    db %00001000
    db %00000100
    db %00000000
    db %00000000
    db %00000000
    db %00000000
    db %00000000
    db %00000000
    db %00000000
    db %00000000
    db %00000000
    db %00100000
    db %10010000
    db %01000000
    db %00000000
    db %00000000
    db %00000000
    db %00000000
    db %00000000
    db %01000000
    db %01100000
    db %00000000

; Sprite   : 2
; Mode     : Mode : 1 sprite               
; TGS size : 32
; Address  : Start + #64
sprite2tgs:
    db %00000000
    db %01100000
    db %11110011
    db %11111101
    db %10111110
    db %01011111
    db %00101111
    db %00110111
    db %00100011
    db %00100011
    db %00010011
    db %00001000
    db %00000111
    db %00000000
    db %00000000
    db %00000000
    db %00000000
    db %11100000
    db %01110000
    db %10111000
    db %11111000
    db %11011100
    db %01101100
    db %10111100
    db %11111110
    db %11111111
    db %11111111
    db %00111010
    db %11010100
    db %10001000
    db %10010000
    db %01100000

; Sprite   : 0
; TCS size : 16
; Address  : Start + #96
sprite0tcs:
    db #00
    db #01
    db #01
    db #01
    db #01
    db #00
    db #00
    db #00
    db #00
    db #00
    db #00
    db #01
    db #01
    db #00
    db #00
    db #00

; Sprite   : 1
; TCS size : 16
; Address  : Start + #112
sprite1tcs:
    db #00
    db #00
    db #00
    db #00
    db #02
    db #02
    db #02
    db #00
    db #02
    db #02
    db #02
    db #02
    db #00
    db #00
    db #00
    db #00

; Sprite   : 2
; TCS size : 16
; Address  : Start + #128
sprite2tcs:
    db #00
    db #0C
    db #0C
    db #0C
    db #0C
    db #0C
    db #0C
    db #0C
    db #0C
    db #0C
    db #0C
    db #00
    db #0C
    db #00
    db #00
    db #00

; Color Palette
; Address  : Start + 144
pal:
    db #22,#01
    db #41,#06
    db #21,#04
    db #21,#03
    db #17,#02
    db #42,#03
    db #31,#02
    db #20,#01
    db #30,#01
    db #50,#01
    db #65,#06
    db #73,#04
    db #77,#07
    db #00,#00
    db #44,#04
    db #22,#02
